2024-04-22 23:17:02,083 [main] INFO  c.c.services.ServicesApplication - Starting ServicesApplication using Java 17.0.10 with PID 8872 (C:\Users\Gabriel Juárez\Downloads\services\target\classes started by Gabriel Juárez in C:\Users\Gabriel Juárez\Downloads\services)
2024-04-22 23:17:02,083 [main] INFO  c.c.services.ServicesApplication - No active profile set, falling back to 1 default profile: "default"
2024-04-22 23:17:03,307 [main] INFO  o.s.d.r.c.RepositoryConfigurationDelegate - Bootstrapping Spring Data JPA repositories in DEFAULT mode.
2024-04-22 23:17:03,410 [main] INFO  o.s.d.r.c.RepositoryConfigurationDelegate - Finished Spring Data repository scanning in 85 ms. Found 2 JPA repository interfaces.
2024-04-22 23:17:04,413 [main] INFO  o.s.b.w.e.tomcat.TomcatWebServer - Tomcat initialized with port(s): 8080 (http)
2024-04-22 23:17:04,435 [main] INFO  o.a.catalina.core.StandardService - Starting service [Tomcat]
2024-04-22 23:17:04,435 [main] INFO  o.a.catalina.core.StandardEngine - Starting Servlet engine: [Apache Tomcat/10.1.4]
2024-04-22 23:17:04,614 [main] INFO  o.a.c.c.C.[Tomcat].[localhost].[/] - Initializing Spring embedded WebApplicationContext
2024-04-22 23:17:04,620 [main] INFO  o.s.b.w.s.c.ServletWebServerApplicationContext - Root WebApplicationContext: initialization completed in 2488 ms
2024-04-22 23:17:04,679 [main] INFO  com.zaxxer.hikari.HikariDataSource - HikariPool-1 - Starting...
2024-04-22 23:17:04,997 [main] INFO  com.zaxxer.hikari.pool.HikariPool - HikariPool-1 - Added connection conn0: url=jdbc:h2:file:C:/DB/test user=SA
2024-04-22 23:17:05,001 [main] INFO  com.zaxxer.hikari.HikariDataSource - HikariPool-1 - Start completed.
2024-04-22 23:17:05,018 [main] INFO  o.s.b.a.h.H2ConsoleAutoConfiguration - H2 console available at '/h2-console'. Database available at 'jdbc:h2:file:C:/DB/test'
2024-04-22 23:17:05,225 [main] INFO  o.h.jpa.internal.util.LogHelper - HHH000204: Processing PersistenceUnitInfo [name: default]
2024-04-22 23:17:05,331 [main] INFO  org.hibernate.Version - HHH000412: Hibernate ORM core version 6.1.6.Final
2024-04-22 23:17:05,640 [main] WARN  org.hibernate.orm.deprecation - HHH90000021: Encountered deprecated setting [javax.persistence.sharedCache.mode], use [jakarta.persistence.sharedCache.mode] instead
2024-04-22 23:17:05,909 [main] INFO  SQL dialect - HHH000400: Using dialect: org.hibernate.dialect.H2Dialect
2024-04-22 23:17:06,929 [main] INFO  o.h.e.t.j.p.i.JtaPlatformInitiator - HHH000490: Using JtaPlatform implementation: [org.hibernate.engine.transaction.jta.platform.internal.NoJtaPlatform]
2024-04-22 23:17:06,931 [main] INFO  o.s.o.j.LocalContainerEntityManagerFactoryBean - Initialized JPA EntityManagerFactory for persistence unit 'default'
2024-04-22 23:17:07,982 [main] WARN  o.s.b.a.o.j.JpaBaseConfiguration$JpaWebConfiguration - spring.jpa.open-in-view is enabled by default. Therefore, database queries may be performed during view rendering. Explicitly configure spring.jpa.open-in-view to disable this warning
2024-04-22 23:17:09,993 [main] INFO  o.s.s.w.DefaultSecurityFilterChain - Will secure any request with [org.springframework.security.web.session.DisableEncodeUrlFilter@30259c61, org.springframework.security.web.context.request.async.WebAsyncManagerIntegrationFilter@33d08a24, org.springframework.security.web.context.SecurityContextHolderFilter@5c648e38, org.springframework.security.web.header.HeaderWriterFilter@5ff8d76f, org.springframework.security.web.authentication.logout.LogoutFilter@1e9b0c92, com.chapur.services.filter.JwtAuthFilter@20462820, org.springframework.security.web.savedrequest.RequestCacheAwareFilter@395c21ee, org.springframework.security.web.servletapi.SecurityContextHolderAwareRequestFilter@1e733bb5, org.springframework.security.web.authentication.AnonymousAuthenticationFilter@255b84a9, org.springframework.security.web.session.SessionManagementFilter@5eed2edf, org.springframework.security.web.access.ExceptionTranslationFilter@1a82453, org.springframework.security.web.access.intercept.AuthorizationFilter@19834eb7]
2024-04-22 23:17:10,696 [main] INFO  o.s.b.w.e.tomcat.TomcatWebServer - Tomcat started on port(s): 8080 (http) with context path ''
2024-04-22 23:17:10,732 [main] INFO  c.c.services.ServicesApplication - Started ServicesApplication in 9.042 seconds (process running for 9.8)
